Arguments: 
  C:\Program Files\nodejs\node.exe C:\Users\zhz\AppData\Roaming\npm\node_modules\yarn\bin\yarn.js add mongoose --save

PATH: 
  C:\Program Files (x86)\NetSarang\Xshell 6\;C:\WINDOWS\system32;C:\WINDOWS;C:\WINDOWS\System32\Wbem;C:\WINDOWS\System32\WindowsPowerShell\v1.0\;C:\Program Files\nodejs\;C:\Program Files\Git\cmd;C:\WINDOWS\System32\OpenSSH\;E:\Program Files\mysql-8.0.16-winx64\bin\;C:\Users\zhz\AppData\Local\Programs\Python\Python37\;C:\Users\zhz\AppData\Local\Programs\Python\python27\;C:\Users\zhz\AppData\Local\Programs\Python\Python37\Scripts\;C:\Users\zhz\AppData\Local\Programs\Python\Python27\Scripts\;D:\download\cmder;C:\Users\zhz\AppData\Local\Programs\Python\Python37\Scripts\;C:\Users\zhz\AppData\Local\Programs\Python\Python37\;C:\Users\zhz\AppData\Local\Microsoft\WindowsApps;C:\Users\zhz\AppData\Roaming\npm;C:\Users\zhz\AppData\Local\Programs\Microsoft VS Code\bin;C:\Users\zhz\AppData\Local\Programs\Fiddler;C:\Users\zhz\AppData\Local\Programs\Python\Python27\;C:\Users\zhz\AppData\Local\Programs\Python\Python27\Scripts\;

Yarn version: 
  1.17.3

Node version: 
  10.15.3

Platform: 
  win32 x64

Trace: 
  Error: ENOENT: no such file or directory, copyfile 'C:\Users\zhz\AppData\Local\Yarn\Cache\v4\npm-inherits-2.0.4-0fa2c64f932917c3433a0ded55363aae37416b7c\node_modules\inherits\inherits.js' -> 'G:\node-app\node_modules\send\node_modules\inherits\inherits.js'

npm manifest: 
  {
    "name": "app",
    "version": "1.0.0",
    "description": "resful api",
    "main": "server.js",
    "scripts": {
      "test": "echo \"Error: no test specified\" && exit 1",
      "start": "node server.js",
      "server": "nodemon server.js"
    },
    "author": "zhz",
    "license": "ISC",
    "dependencies": {
      "express": "^4.17.1"
    }
  }

yarn manifest: 
  No manifest

Lockfile: 
  No lockfile
